  FinalExam.cpp
C:\Users\Lenovo\Documents\smartX\school-project-assignment-smartx\SmartX\FinalExam.h(206,63): error C2039: 'Lesson5_Load': is not a member of 'SmartX::FinalExam'
C:\Users\Lenovo\Documents\smartX\school-project-assignment-smartx\SmartX\FinalExam.h(17,19): message : see declaration of 'SmartX::FinalExam'
C:\Users\Lenovo\Documents\smartX\school-project-assignment-smartx\SmartX\FinalExam.h(206,63): error C2065: 'Lesson5_Load': undeclared identifier
C:\Users\Lenovo\Documents\smartX\school-project-assignment-smartx\SmartX\FinalExam.h(206,44): error C3924: error in argument #2 of delegate constructor call 'System::EventHandler':
C:\Users\Lenovo\Documents\smartX\school-project-assignment-smartx\SmartX\FinalExam.h(206,44): message : pointer to member function expected
